2007.07.14 21:13 B C:\Program Files\EasyPHP 2.0b1\www\attributions\attributions1.0\pages\fpdf\font\makefont\cp1250.map --> users.skynet.be /ise/attr/pages/fpdf/font/makefont cp1250.map
2007.07.14 21:13 B C:\Program Files\EasyPHP 2.0b1\www\attributions\attributions1.0\pages\fpdf\font\makefont\cp1251.map --> users.skynet.be /ise/attr/pages/fpdf/font/makefont cp1251.map
2007.07.14 21:13 B C:\Program Files\EasyPHP 2.0b1\www\attributions\attributions1.0\pages\fpdf\font\makefont\cp1252.map --> users.skynet.be /ise/attr/pages/fpdf/font/makefont cp1252.map
2007.07.14 21:13 B C:\Program Files\EasyPHP 2.0b1\www\attributions\attributions1.0\pages\fpdf\font\makefont\cp1253.map --> users.skynet.be /ise/attr/pages/fpdf/font/makefont cp1253.map
2007.07.14 21:13 B C:\Program Files\EasyPHP 2.0b1\www\attributions\attributions1.0\pages\fpdf\font\makefont\cp1254.map --> users.skynet.be /ise/attr/pages/fpdf/font/makefont cp1254.map
2007.07.14 21:13 B C:\Program Files\EasyPHP 2.0b1\www\attributions\attributions1.0\pages\fpdf\font\makefont\cp1255.map --> users.skynet.be /ise/attr/pages/fpdf/font/makefont cp1255.map
2007.07.14 21:13 B C:\Program Files\EasyPHP 2.0b1\www\attributions\attributions1.0\pages\fpdf\font\makefont\cp1257.map --> users.skynet.be /ise/attr/pages/fpdf/font/makefont cp1257.map
2007.07.14 21:13 B C:\Program Files\EasyPHP 2.0b1\www\attributions\attributions1.0\pages\fpdf\font\makefont\cp1258.map --> users.skynet.be /ise/attr/pages/fpdf/font/makefont cp1258.map
2007.07.14 21:13 B C:\Program Files\EasyPHP 2.0b1\www\attributions\attributions1.0\pages\fpdf\font\makefont\cp874.map --> users.skynet.be /ise/attr/pages/fpdf/font/makefont cp874.map
2007.07.14 21:13 B C:\Program Files\EasyPHP 2.0b1\www\attributions\attributions1.0\pages\fpdf\font\makefont\iso-8859-1.map --> users.skynet.be /ise/attr/pages/fpdf/font/makefont iso-8859-1.map
2007.07.14 21:13 B C:\Program Files\EasyPHP 2.0b1\www\attributions\attributions1.0\pages\fpdf\font\makefont\iso-8859-11.map --> users.skynet.be /ise/attr/pages/fpdf/font/makefont iso-8859-11.map
2007.07.14 21:13 B C:\Program Files\EasyPHP 2.0b1\www\attributions\attributions1.0\pages\fpdf\font\makefont\iso-8859-15.map --> users.skynet.be /ise/attr/pages/fpdf/font/makefont iso-8859-15.map
2007.07.14 21:13 B C:\Program Files\EasyPHP 2.0b1\www\attributions\attributions1.0\pages\fpdf\font\makefont\iso-8859-16.map --> users.skynet.be /ise/attr/pages/fpdf/font/makefont iso-8859-16.map
2007.07.14 21:13 B C:\Program Files\EasyPHP 2.0b1\www\attributions\attributions1.0\pages\fpdf\font\makefont\iso-8859-2.map --> users.skynet.be /ise/attr/pages/fpdf/font/makefont iso-8859-2.map
2007.07.14 21:13 B C:\Program Files\EasyPHP 2.0b1\www\attributions\attributions1.0\pages\fpdf\font\makefont\iso-8859-4.map --> users.skynet.be /ise/attr/pages/fpdf/font/makefont iso-8859-4.map
2007.07.14 21:13 B C:\Program Files\EasyPHP 2.0b1\www\attributions\attributions1.0\pages\fpdf\font\makefont\iso-8859-5.map --> users.skynet.be /ise/attr/pages/fpdf/font/makefont iso-8859-5.map
2007.07.14 21:13 B C:\Program Files\EasyPHP 2.0b1\www\attributions\attributions1.0\pages\fpdf\font\makefont\iso-8859-7.map --> users.skynet.be /ise/attr/pages/fpdf/font/makefont iso-8859-7.map
2007.07.14 21:13 B C:\Program Files\EasyPHP 2.0b1\www\attributions\attributions1.0\pages\fpdf\font\makefont\iso-8859-9.map --> users.skynet.be /ise/attr/pages/fpdf/font/makefont iso-8859-9.map
2007.07.14 21:13 B C:\Program Files\EasyPHP 2.0b1\www\attributions\attributions1.0\pages\fpdf\font\makefont\koi8-r.map --> users.skynet.be /ise/attr/pages/fpdf/font/makefont koi8-r.map
2007.07.14 21:13 B C:\Program Files\EasyPHP 2.0b1\www\attributions\attributions1.0\pages\fpdf\font\makefont\koi8-u.map --> users.skynet.be /ise/attr/pages/fpdf/font/makefont koi8-u.map
2007.07.14 21:13 B C:\Program Files\EasyPHP 2.0b1\www\attributions\attributions1.0\pages\fpdf\font\makefont\makefont.php --> users.skynet.be /ise/attr/pages/fpdf/font/makefont makefont.php
2007.07.14 21:17 B C:\Program Files\EasyPHP 2.0b1\www\attributions\attributions1.0\pages\fpdf\font\makefont\cp1250.map --> secretariat.hepmbc.be /web/secretariat.hepmbc.be/_divers/attrib/attributions1.0/pages/fpdf/font/makefont cp1250.map
2007.07.14 21:17 B C:\Program Files\EasyPHP 2.0b1\www\attributions\attributions1.0\pages\fpdf\font\makefont\cp1251.map --> secretariat.hepmbc.be /web/secretariat.hepmbc.be/_divers/attrib/attributions1.0/pages/fpdf/font/makefont cp1251.map
2007.07.14 21:17 B C:\Program Files\EasyPHP 2.0b1\www\attributions\attributions1.0\pages\fpdf\font\makefont\cp1252.map --> secretariat.hepmbc.be /web/secretariat.hepmbc.be/_divers/attrib/attributions1.0/pages/fpdf/font/makefont cp1252.map
2007.07.14 21:17 B C:\Program Files\EasyPHP 2.0b1\www\attributions\attributions1.0\pages\fpdf\font\makefont\cp1253.map --> secretariat.hepmbc.be /web/secretariat.hepmbc.be/_divers/attrib/attributions1.0/pages/fpdf/font/makefont cp1253.map
2007.07.14 21:17 B C:\Program Files\EasyPHP 2.0b1\www\attributions\attributions1.0\pages\fpdf\font\makefont\cp1254.map --> secretariat.hepmbc.be /web/secretariat.hepmbc.be/_divers/attrib/attributions1.0/pages/fpdf/font/makefont cp1254.map
2007.07.14 21:17 B C:\Program Files\EasyPHP 2.0b1\www\attributions\attributions1.0\pages\fpdf\font\makefont\cp1255.map --> secretariat.hepmbc.be /web/secretariat.hepmbc.be/_divers/attrib/attributions1.0/pages/fpdf/font/makefont cp1255.map
2007.07.14 21:17 B C:\Program Files\EasyPHP 2.0b1\www\attributions\attributions1.0\pages\fpdf\font\makefont\cp1257.map --> secretariat.hepmbc.be /web/secretariat.hepmbc.be/_divers/attrib/attributions1.0/pages/fpdf/font/makefont cp1257.map
2007.07.14 21:17 B C:\Program Files\EasyPHP 2.0b1\www\attributions\attributions1.0\pages\fpdf\font\makefont\cp1258.map --> secretariat.hepmbc.be /web/secretariat.hepmbc.be/_divers/attrib/attributions1.0/pages/fpdf/font/makefont cp1258.map
2007.07.14 21:17 B C:\Program Files\EasyPHP 2.0b1\www\attributions\attributions1.0\pages\fpdf\font\makefont\cp874.map --> secretariat.hepmbc.be /web/secretariat.hepmbc.be/_divers/attrib/attributions1.0/pages/fpdf/font/makefont cp874.map
2007.07.14 21:17 B C:\Program Files\EasyPHP 2.0b1\www\attributions\attributions1.0\pages\fpdf\font\makefont\iso-8859-1.map --> secretariat.hepmbc.be /web/secretariat.hepmbc.be/_divers/attrib/attributions1.0/pages/fpdf/font/makefont iso-8859-1.map
2007.07.14 21:17 B C:\Program Files\EasyPHP 2.0b1\www\attributions\attributions1.0\pages\fpdf\font\makefont\iso-8859-11.map --> secretariat.hepmbc.be /web/secretariat.hepmbc.be/_divers/attrib/attributions1.0/pages/fpdf/font/makefont iso-8859-11.map
2007.07.14 21:17 B C:\Program Files\EasyPHP 2.0b1\www\attributions\attributions1.0\pages\fpdf\font\makefont\iso-8859-15.map --> secretariat.hepmbc.be /web/secretariat.hepmbc.be/_divers/attrib/attributions1.0/pages/fpdf/font/makefont iso-8859-15.map
2007.07.14 21:17 B C:\Program Files\EasyPHP 2.0b1\www\attributions\attributions1.0\pages\fpdf\font\makefont\iso-8859-16.map --> secretariat.hepmbc.be /web/secretariat.hepmbc.be/_divers/attrib/attributions1.0/pages/fpdf/font/makefont iso-8859-16.map
2007.07.14 21:17 B C:\Program Files\EasyPHP 2.0b1\www\attributions\attributions1.0\pages\fpdf\font\makefont\iso-8859-2.map --> secretariat.hepmbc.be /web/secretariat.hepmbc.be/_divers/attrib/attributions1.0/pages/fpdf/font/makefont iso-8859-2.map
2007.07.14 21:17 B C:\Program Files\EasyPHP 2.0b1\www\attributions\attributions1.0\pages\fpdf\font\makefont\iso-8859-4.map --> secretariat.hepmbc.be /web/secretariat.hepmbc.be/_divers/attrib/attributions1.0/pages/fpdf/font/makefont iso-8859-4.map
2007.07.14 21:17 B C:\Program Files\EasyPHP 2.0b1\www\attributions\attributions1.0\pages\fpdf\font\makefont\iso-8859-5.map --> secretariat.hepmbc.be /web/secretariat.hepmbc.be/_divers/attrib/attributions1.0/pages/fpdf/font/makefont iso-8859-5.map
2007.07.14 21:17 B C:\Program Files\EasyPHP 2.0b1\www\attributions\attributions1.0\pages\fpdf\font\makefont\iso-8859-7.map --> secretariat.hepmbc.be /web/secretariat.hepmbc.be/_divers/attrib/attributions1.0/pages/fpdf/font/makefont iso-8859-7.map
2007.07.14 21:17 B C:\Program Files\EasyPHP 2.0b1\www\attributions\attributions1.0\pages\fpdf\font\makefont\iso-8859-9.map --> secretariat.hepmbc.be /web/secretariat.hepmbc.be/_divers/attrib/attributions1.0/pages/fpdf/font/makefont iso-8859-9.map
2007.07.14 21:17 B C:\Program Files\EasyPHP 2.0b1\www\attributions\attributions1.0\pages\fpdf\font\makefont\koi8-r.map --> secretariat.hepmbc.be /web/secretariat.hepmbc.be/_divers/attrib/attributions1.0/pages/fpdf/font/makefont koi8-r.map
2007.07.14 21:17 B C:\Program Files\EasyPHP 2.0b1\www\attributions\attributions1.0\pages\fpdf\font\makefont\koi8-u.map --> secretariat.hepmbc.be /web/secretariat.hepmbc.be/_divers/attrib/attributions1.0/pages/fpdf/font/makefont koi8-u.map
2007.07.14 21:17 B C:\Program Files\EasyPHP 2.0b1\www\attributions\attributions1.0\pages\fpdf\font\makefont\makefont.php --> secretariat.hepmbc.be /web/secretariat.hepmbc.be/_divers/attrib/attributions1.0/pages/fpdf/font/makefont makefont.php
2007.07.14 21:18 B C:\Program Files\EasyPHP 2.0b1\www\attributions\attributions1.0\pages\fpdf\font\makefont\WS_FTP.LOG --> secretariat.hepmbc.be /web/secretariat.hepmbc.be/_divers/attrib/attributions1.0/pages/fpdf/font/makefont WS_FTP.LOG
2008.01.05 15:46 B C:\Program Files\wamp\www\attributions\attributions1.0\pages\fpdf\font\makefont\cp1250.map --> secretariat.hepmbc.be /web/secretariat.hepmbc.be/_divers/attrib/attributions1.0/pages/fpdf/font/makefont cp1250.map
2008.01.05 15:46 B C:\Program Files\wamp\www\attributions\attributions1.0\pages\fpdf\font\makefont\cp1251.map --> secretariat.hepmbc.be /web/secretariat.hepmbc.be/_divers/attrib/attributions1.0/pages/fpdf/font/makefont cp1251.map
2008.01.05 15:46 B C:\Program Files\wamp\www\attributions\attributions1.0\pages\fpdf\font\makefont\cp1252.map --> secretariat.hepmbc.be /web/secretariat.hepmbc.be/_divers/attrib/attributions1.0/pages/fpdf/font/makefont cp1252.map
2008.01.05 15:46 B C:\Program Files\wamp\www\attributions\attributions1.0\pages\fpdf\font\makefont\cp1253.map --> secretariat.hepmbc.be /web/secretariat.hepmbc.be/_divers/attrib/attributions1.0/pages/fpdf/font/makefont cp1253.map
2008.01.05 15:46 B C:\Program Files\wamp\www\attributions\attributions1.0\pages\fpdf\font\makefont\cp1254.map --> secretariat.hepmbc.be /web/secretariat.hepmbc.be/_divers/attrib/attributions1.0/pages/fpdf/font/makefont cp1254.map
2008.01.05 15:46 B C:\Program Files\wamp\www\attributions\attributions1.0\pages\fpdf\font\makefont\cp1255.map --> secretariat.hepmbc.be /web/secretariat.hepmbc.be/_divers/attrib/attributions1.0/pages/fpdf/font/makefont cp1255.map
2008.01.05 15:46 B C:\Program Files\wamp\www\attributions\attributions1.0\pages\fpdf\font\makefont\cp1257.map --> secretariat.hepmbc.be /web/secretariat.hepmbc.be/_divers/attrib/attributions1.0/pages/fpdf/font/makefont cp1257.map
2008.01.05 15:46 B C:\Program Files\wamp\www\attributions\attributions1.0\pages\fpdf\font\makefont\cp1258.map --> secretariat.hepmbc.be /web/secretariat.hepmbc.be/_divers/attrib/attributions1.0/pages/fpdf/font/makefont cp1258.map
2008.01.05 15:46 B C:\Program Files\wamp\www\attributions\attributions1.0\pages\fpdf\font\makefont\cp874.map --> secretariat.hepmbc.be /web/secretariat.hepmbc.be/_divers/attrib/attributions1.0/pages/fpdf/font/makefont cp874.map
2008.01.05 15:46 B C:\Program Files\wamp\www\attributions\attributions1.0\pages\fpdf\font\makefont\iso-8859-1.map --> secretariat.hepmbc.be /web/secretariat.hepmbc.be/_divers/attrib/attributions1.0/pages/fpdf/font/makefont iso-8859-1.map
2008.01.05 15:46 B C:\Program Files\wamp\www\attributions\attributions1.0\pages\fpdf\font\makefont\iso-8859-11.map --> secretariat.hepmbc.be /web/secretariat.hepmbc.be/_divers/attrib/attributions1.0/pages/fpdf/font/makefont iso-8859-11.map
2008.01.05 15:46 B C:\Program Files\wamp\www\attributions\attributions1.0\pages\fpdf\font\makefont\iso-8859-15.map --> secretariat.hepmbc.be /web/secretariat.hepmbc.be/_divers/attrib/attributions1.0/pages/fpdf/font/makefont iso-8859-15.map
2008.01.05 15:46 B C:\Program Files\wamp\www\attributions\attributions1.0\pages\fpdf\font\makefont\iso-8859-16.map --> secretariat.hepmbc.be /web/secretariat.hepmbc.be/_divers/attrib/attributions1.0/pages/fpdf/font/makefont iso-8859-16.map
2008.01.05 15:46 B C:\Program Files\wamp\www\attributions\attributions1.0\pages\fpdf\font\makefont\iso-8859-2.map --> secretariat.hepmbc.be /web/secretariat.hepmbc.be/_divers/attrib/attributions1.0/pages/fpdf/font/makefont iso-8859-2.map
2008.01.05 15:46 B C:\Program Files\wamp\www\attributions\attributions1.0\pages\fpdf\font\makefont\iso-8859-4.map --> secretariat.hepmbc.be /web/secretariat.hepmbc.be/_divers/attrib/attributions1.0/pages/fpdf/font/makefont iso-8859-4.map
2008.01.05 15:46 B C:\Program Files\wamp\www\attributions\attributions1.0\pages\fpdf\font\makefont\iso-8859-5.map --> secretariat.hepmbc.be /web/secretariat.hepmbc.be/_divers/attrib/attributions1.0/pages/fpdf/font/makefont iso-8859-5.map
2008.01.05 15:46 B C:\Program Files\wamp\www\attributions\attributions1.0\pages\fpdf\font\makefont\iso-8859-7.map --> secretariat.hepmbc.be /web/secretariat.hepmbc.be/_divers/attrib/attributions1.0/pages/fpdf/font/makefont iso-8859-7.map
2008.01.05 15:46 B C:\Program Files\wamp\www\attributions\attributions1.0\pages\fpdf\font\makefont\iso-8859-9.map --> secretariat.hepmbc.be /web/secretariat.hepmbc.be/_divers/attrib/attributions1.0/pages/fpdf/font/makefont iso-8859-9.map
2008.01.05 15:46 B C:\Program Files\wamp\www\attributions\attributions1.0\pages\fpdf\font\makefont\koi8-r.map --> secretariat.hepmbc.be /web/secretariat.hepmbc.be/_divers/attrib/attributions1.0/pages/fpdf/font/makefont koi8-r.map
2008.01.05 15:46 B C:\Program Files\wamp\www\attributions\attributions1.0\pages\fpdf\font\makefont\koi8-u.map --> secretariat.hepmbc.be /web/secretariat.hepmbc.be/_divers/attrib/attributions1.0/pages/fpdf/font/makefont koi8-u.map
2008.01.05 15:46 B C:\Program Files\wamp\www\attributions\attributions1.0\pages\fpdf\font\makefont\makefont.php --> secretariat.hepmbc.be /web/secretariat.hepmbc.be/_divers/attrib/attributions1.0/pages/fpdf/font/makefont makefont.php
2008.01.05 15:46 B C:\Program Files\wamp\www\attributions\attributions1.0\pages\fpdf\font\makefont\WS_FTP.LOG --> secretariat.hepmbc.be /web/secretariat.hepmbc.be/_divers/attrib/attributions1.0/pages/fpdf/font/makefont WS_FTP.LOG
2009.05.28 14:55 B C:\Program Files\wamp\www\poll\manage_poll\pages\fpdf\font\makefont\cp1250.map --> users.skynet.be /poll/manage_poll/pages/fpdf/font/makefont cp1250.map
2009.05.28 14:55 B C:\Program Files\wamp\www\poll\manage_poll\pages\fpdf\font\makefont\cp1251.map --> users.skynet.be /poll/manage_poll/pages/fpdf/font/makefont cp1251.map
2009.05.28 14:55 B C:\Program Files\wamp\www\poll\manage_poll\pages\fpdf\font\makefont\cp1252.map --> users.skynet.be /poll/manage_poll/pages/fpdf/font/makefont cp1252.map
2009.05.28 14:55 B C:\Program Files\wamp\www\poll\manage_poll\pages\fpdf\font\makefont\cp1253.map --> users.skynet.be /poll/manage_poll/pages/fpdf/font/makefont cp1253.map
2009.05.28 14:55 B C:\Program Files\wamp\www\poll\manage_poll\pages\fpdf\font\makefont\cp1254.map --> users.skynet.be /poll/manage_poll/pages/fpdf/font/makefont cp1254.map
2009.05.28 14:55 B C:\Program Files\wamp\www\poll\manage_poll\pages\fpdf\font\makefont\cp1255.map --> users.skynet.be /poll/manage_poll/pages/fpdf/font/makefont cp1255.map
2009.05.28 14:55 B C:\Program Files\wamp\www\poll\manage_poll\pages\fpdf\font\makefont\cp1257.map --> users.skynet.be /poll/manage_poll/pages/fpdf/font/makefont cp1257.map
2009.05.28 14:55 B C:\Program Files\wamp\www\poll\manage_poll\pages\fpdf\font\makefont\cp1258.map --> users.skynet.be /poll/manage_poll/pages/fpdf/font/makefont cp1258.map
2009.05.28 14:55 B C:\Program Files\wamp\www\poll\manage_poll\pages\fpdf\font\makefont\cp874.map --> users.skynet.be /poll/manage_poll/pages/fpdf/font/makefont cp874.map
2009.05.28 14:55 B C:\Program Files\wamp\www\poll\manage_poll\pages\fpdf\font\makefont\iso-8859-1.map --> users.skynet.be /poll/manage_poll/pages/fpdf/font/makefont iso-8859-1.map
2009.05.28 14:55 B C:\Program Files\wamp\www\poll\manage_poll\pages\fpdf\font\makefont\iso-8859-11.map --> users.skynet.be /poll/manage_poll/pages/fpdf/font/makefont iso-8859-11.map
2009.05.28 14:55 B C:\Program Files\wamp\www\poll\manage_poll\pages\fpdf\font\makefont\iso-8859-15.map --> users.skynet.be /poll/manage_poll/pages/fpdf/font/makefont iso-8859-15.map
2009.05.28 14:55 B C:\Program Files\wamp\www\poll\manage_poll\pages\fpdf\font\makefont\iso-8859-16.map --> users.skynet.be /poll/manage_poll/pages/fpdf/font/makefont iso-8859-16.map
2009.05.28 14:55 B C:\Program Files\wamp\www\poll\manage_poll\pages\fpdf\font\makefont\iso-8859-2.map --> users.skynet.be /poll/manage_poll/pages/fpdf/font/makefont iso-8859-2.map
2009.05.28 14:55 B C:\Program Files\wamp\www\poll\manage_poll\pages\fpdf\font\makefont\iso-8859-4.map --> users.skynet.be /poll/manage_poll/pages/fpdf/font/makefont iso-8859-4.map
2009.05.28 14:55 B C:\Program Files\wamp\www\poll\manage_poll\pages\fpdf\font\makefont\iso-8859-5.map --> users.skynet.be /poll/manage_poll/pages/fpdf/font/makefont iso-8859-5.map
2009.05.28 14:55 B C:\Program Files\wamp\www\poll\manage_poll\pages\fpdf\font\makefont\iso-8859-7.map --> users.skynet.be /poll/manage_poll/pages/fpdf/font/makefont iso-8859-7.map
2009.05.28 14:55 B C:\Program Files\wamp\www\poll\manage_poll\pages\fpdf\font\makefont\iso-8859-9.map --> users.skynet.be /poll/manage_poll/pages/fpdf/font/makefont iso-8859-9.map
2009.05.28 14:55 B C:\Program Files\wamp\www\poll\manage_poll\pages\fpdf\font\makefont\koi8-r.map --> users.skynet.be /poll/manage_poll/pages/fpdf/font/makefont koi8-r.map
2009.05.28 14:55 B C:\Program Files\wamp\www\poll\manage_poll\pages\fpdf\font\makefont\koi8-u.map --> users.skynet.be /poll/manage_poll/pages/fpdf/font/makefont koi8-u.map
2009.05.28 14:55 B C:\Program Files\wamp\www\poll\manage_poll\pages\fpdf\font\makefont\makefont.php --> users.skynet.be /poll/manage_poll/pages/fpdf/font/makefont makefont.php
2009.05.28 14:55 B C:\Program Files\wamp\www\poll\manage_poll\pages\fpdf\font\makefont\WS_FTP.LOG --> users.skynet.be /poll/manage_poll/pages/fpdf/font/makefont WS_FTP.LOG
