2007.07.14 21:13 B C:\Program Files\EasyPHP 2.0b1\www\attributions\attributions1.0\pages\fpdf\font\courier.php --> users.skynet.be /ise/attr/pages/fpdf/font courier.php
2007.07.14 21:13 B C:\Program Files\EasyPHP 2.0b1\www\attributions\attributions1.0\pages\fpdf\font\helvetica.php --> users.skynet.be /ise/attr/pages/fpdf/font helvetica.php
2007.07.14 21:13 B C:\Program Files\EasyPHP 2.0b1\www\attributions\attributions1.0\pages\fpdf\font\helveticab.php --> users.skynet.be /ise/attr/pages/fpdf/font helveticab.php
2007.07.14 21:13 B C:\Program Files\EasyPHP 2.0b1\www\attributions\attributions1.0\pages\fpdf\font\helveticabi.php --> users.skynet.be /ise/attr/pages/fpdf/font helveticabi.php
2007.07.14 21:13 B C:\Program Files\EasyPHP 2.0b1\www\attributions\attributions1.0\pages\fpdf\font\helveticai.php --> users.skynet.be /ise/attr/pages/fpdf/font helveticai.php
2007.07.14 21:13 B C:\Program Files\EasyPHP 2.0b1\www\attributions\attributions1.0\pages\fpdf\font\symbol.php --> users.skynet.be /ise/attr/pages/fpdf/font symbol.php
2007.07.14 21:13 B C:\Program Files\EasyPHP 2.0b1\www\attributions\attributions1.0\pages\fpdf\font\times.php --> users.skynet.be /ise/attr/pages/fpdf/font times.php
2007.07.14 21:13 B C:\Program Files\EasyPHP 2.0b1\www\attributions\attributions1.0\pages\fpdf\font\timesb.php --> users.skynet.be /ise/attr/pages/fpdf/font timesb.php
2007.07.14 21:13 B C:\Program Files\EasyPHP 2.0b1\www\attributions\attributions1.0\pages\fpdf\font\timesbi.php --> users.skynet.be /ise/attr/pages/fpdf/font timesbi.php
2007.07.14 21:13 B C:\Program Files\EasyPHP 2.0b1\www\attributions\attributions1.0\pages\fpdf\font\timesi.php --> users.skynet.be /ise/attr/pages/fpdf/font timesi.php
2007.07.14 21:13 B C:\Program Files\EasyPHP 2.0b1\www\attributions\attributions1.0\pages\fpdf\font\zapfdingbats.php --> users.skynet.be /ise/attr/pages/fpdf/font zapfdingbats.php
2007.07.14 21:18 B C:\Program Files\EasyPHP 2.0b1\www\attributions\attributions1.0\pages\fpdf\font\courier.php --> secretariat.hepmbc.be /web/secretariat.hepmbc.be/_divers/attrib/attributions1.0/pages/fpdf/font courier.php
2007.07.14 21:18 B C:\Program Files\EasyPHP 2.0b1\www\attributions\attributions1.0\pages\fpdf\font\helvetica.php --> secretariat.hepmbc.be /web/secretariat.hepmbc.be/_divers/attrib/attributions1.0/pages/fpdf/font helvetica.php
2007.07.14 21:18 B C:\Program Files\EasyPHP 2.0b1\www\attributions\attributions1.0\pages\fpdf\font\helveticab.php --> secretariat.hepmbc.be /web/secretariat.hepmbc.be/_divers/attrib/attributions1.0/pages/fpdf/font helveticab.php
2007.07.14 21:18 B C:\Program Files\EasyPHP 2.0b1\www\attributions\attributions1.0\pages\fpdf\font\helveticabi.php --> secretariat.hepmbc.be /web/secretariat.hepmbc.be/_divers/attrib/attributions1.0/pages/fpdf/font helveticabi.php
2007.07.14 21:18 B C:\Program Files\EasyPHP 2.0b1\www\attributions\attributions1.0\pages\fpdf\font\helveticai.php --> secretariat.hepmbc.be /web/secretariat.hepmbc.be/_divers/attrib/attributions1.0/pages/fpdf/font helveticai.php
2007.07.14 21:18 B C:\Program Files\EasyPHP 2.0b1\www\attributions\attributions1.0\pages\fpdf\font\symbol.php --> secretariat.hepmbc.be /web/secretariat.hepmbc.be/_divers/attrib/attributions1.0/pages/fpdf/font symbol.php
2007.07.14 21:18 B C:\Program Files\EasyPHP 2.0b1\www\attributions\attributions1.0\pages\fpdf\font\times.php --> secretariat.hepmbc.be /web/secretariat.hepmbc.be/_divers/attrib/attributions1.0/pages/fpdf/font times.php
2007.07.14 21:18 B C:\Program Files\EasyPHP 2.0b1\www\attributions\attributions1.0\pages\fpdf\font\timesb.php --> secretariat.hepmbc.be /web/secretariat.hepmbc.be/_divers/attrib/attributions1.0/pages/fpdf/font timesb.php
2007.07.14 21:18 B C:\Program Files\EasyPHP 2.0b1\www\attributions\attributions1.0\pages\fpdf\font\timesbi.php --> secretariat.hepmbc.be /web/secretariat.hepmbc.be/_divers/attrib/attributions1.0/pages/fpdf/font timesbi.php
2007.07.14 21:18 B C:\Program Files\EasyPHP 2.0b1\www\attributions\attributions1.0\pages\fpdf\font\timesi.php --> secretariat.hepmbc.be /web/secretariat.hepmbc.be/_divers/attrib/attributions1.0/pages/fpdf/font timesi.php
2007.07.14 21:18 B C:\Program Files\EasyPHP 2.0b1\www\attributions\attributions1.0\pages\fpdf\font\WS_FTP.LOG --> secretariat.hepmbc.be /web/secretariat.hepmbc.be/_divers/attrib/attributions1.0/pages/fpdf/font WS_FTP.LOG
2007.07.14 21:18 B C:\Program Files\EasyPHP 2.0b1\www\attributions\attributions1.0\pages\fpdf\font\zapfdingbats.php --> secretariat.hepmbc.be /web/secretariat.hepmbc.be/_divers/attrib/attributions1.0/pages/fpdf/font zapfdingbats.php
2008.01.05 15:46 B C:\Program Files\wamp\www\attributions\attributions1.0\pages\fpdf\font\courier.php --> secretariat.hepmbc.be /web/secretariat.hepmbc.be/_divers/attrib/attributions1.0/pages/fpdf/font courier.php
2008.01.05 15:46 B C:\Program Files\wamp\www\attributions\attributions1.0\pages\fpdf\font\helvetica.php --> secretariat.hepmbc.be /web/secretariat.hepmbc.be/_divers/attrib/attributions1.0/pages/fpdf/font helvetica.php
2008.01.05 15:46 B C:\Program Files\wamp\www\attributions\attributions1.0\pages\fpdf\font\helveticab.php --> secretariat.hepmbc.be /web/secretariat.hepmbc.be/_divers/attrib/attributions1.0/pages/fpdf/font helveticab.php
2008.01.05 15:46 B C:\Program Files\wamp\www\attributions\attributions1.0\pages\fpdf\font\helveticabi.php --> secretariat.hepmbc.be /web/secretariat.hepmbc.be/_divers/attrib/attributions1.0/pages/fpdf/font helveticabi.php
2008.01.05 15:46 B C:\Program Files\wamp\www\attributions\attributions1.0\pages\fpdf\font\helveticai.php --> secretariat.hepmbc.be /web/secretariat.hepmbc.be/_divers/attrib/attributions1.0/pages/fpdf/font helveticai.php
2008.01.05 15:46 B C:\Program Files\wamp\www\attributions\attributions1.0\pages\fpdf\font\symbol.php --> secretariat.hepmbc.be /web/secretariat.hepmbc.be/_divers/attrib/attributions1.0/pages/fpdf/font symbol.php
2008.01.05 15:46 B C:\Program Files\wamp\www\attributions\attributions1.0\pages\fpdf\font\times.php --> secretariat.hepmbc.be /web/secretariat.hepmbc.be/_divers/attrib/attributions1.0/pages/fpdf/font times.php
2008.01.05 15:46 B C:\Program Files\wamp\www\attributions\attributions1.0\pages\fpdf\font\timesb.php --> secretariat.hepmbc.be /web/secretariat.hepmbc.be/_divers/attrib/attributions1.0/pages/fpdf/font timesb.php
2008.01.05 15:46 B C:\Program Files\wamp\www\attributions\attributions1.0\pages\fpdf\font\timesbi.php --> secretariat.hepmbc.be /web/secretariat.hepmbc.be/_divers/attrib/attributions1.0/pages/fpdf/font timesbi.php
2008.01.05 15:46 B C:\Program Files\wamp\www\attributions\attributions1.0\pages\fpdf\font\timesi.php --> secretariat.hepmbc.be /web/secretariat.hepmbc.be/_divers/attrib/attributions1.0/pages/fpdf/font timesi.php
2008.01.05 15:46 B C:\Program Files\wamp\www\attributions\attributions1.0\pages\fpdf\font\WS_FTP.LOG --> secretariat.hepmbc.be /web/secretariat.hepmbc.be/_divers/attrib/attributions1.0/pages/fpdf/font WS_FTP.LOG
2008.01.05 15:46 B C:\Program Files\wamp\www\attributions\attributions1.0\pages\fpdf\font\zapfdingbats.php --> secretariat.hepmbc.be /web/secretariat.hepmbc.be/_divers/attrib/attributions1.0/pages/fpdf/font zapfdingbats.php
2009.05.28 14:55 B C:\Program Files\wamp\www\poll\manage_poll\pages\fpdf\font\courier.php --> users.skynet.be /poll/manage_poll/pages/fpdf/font courier.php
2009.05.28 14:55 B C:\Program Files\wamp\www\poll\manage_poll\pages\fpdf\font\helvetica.php --> users.skynet.be /poll/manage_poll/pages/fpdf/font helvetica.php
2009.05.28 14:55 B C:\Program Files\wamp\www\poll\manage_poll\pages\fpdf\font\helveticab.php --> users.skynet.be /poll/manage_poll/pages/fpdf/font helveticab.php
2009.05.28 14:55 B C:\Program Files\wamp\www\poll\manage_poll\pages\fpdf\font\helveticabi.php --> users.skynet.be /poll/manage_poll/pages/fpdf/font helveticabi.php
2009.05.28 14:55 B C:\Program Files\wamp\www\poll\manage_poll\pages\fpdf\font\helveticai.php --> users.skynet.be /poll/manage_poll/pages/fpdf/font helveticai.php
2009.05.28 14:55 B C:\Program Files\wamp\www\poll\manage_poll\pages\fpdf\font\symbol.php --> users.skynet.be /poll/manage_poll/pages/fpdf/font symbol.php
2009.05.28 14:55 B C:\Program Files\wamp\www\poll\manage_poll\pages\fpdf\font\times.php --> users.skynet.be /poll/manage_poll/pages/fpdf/font times.php
2009.05.28 14:55 B C:\Program Files\wamp\www\poll\manage_poll\pages\fpdf\font\timesb.php --> users.skynet.be /poll/manage_poll/pages/fpdf/font timesb.php
2009.05.28 14:55 B C:\Program Files\wamp\www\poll\manage_poll\pages\fpdf\font\timesbi.php --> users.skynet.be /poll/manage_poll/pages/fpdf/font timesbi.php
2009.05.28 14:55 B C:\Program Files\wamp\www\poll\manage_poll\pages\fpdf\font\timesi.php --> users.skynet.be /poll/manage_poll/pages/fpdf/font timesi.php
2009.05.28 14:55 B C:\Program Files\wamp\www\poll\manage_poll\pages\fpdf\font\WS_FTP.LOG --> users.skynet.be /poll/manage_poll/pages/fpdf/font WS_FTP.LOG
2009.05.28 14:55 B C:\Program Files\wamp\www\poll\manage_poll\pages\fpdf\font\zapfdingbats.php --> users.skynet.be /poll/manage_poll/pages/fpdf/font zapfdingbats.php
